<?xml version="1.0" encoding="UTF-8"?>
<!-- Generated by org.testng.reporters.JUnitReportReporter -->
<testsuite hostname="AbhinavS" failures="0" tests="3" name="testng.FirstTest" time="0.003" errors="0" timestamp="2023-08-10T12:19:34 IST" skipped="0">
  <testcase classname="testng.FirstTest" name="openapp" time="0.001"/>
  <testcase classname="testng.FirstTest" name="login" time="0.001"/>
  <testcase classname="testng.FirstTest" name="logout" time="0.001"/>
</testsuite> <!-- testng.FirstTest -->
