<?xml version="1.0" encoding="UTF-8"?>
<!-- Generated by org.testng.reporters.JUnitReportReporter -->
<testsuite hostname="AbhinavS" failures="0" tests="2" name="testng.dataprovider" time="7.016" errors="0" timestamp="2023-08-18T09:22:58 IST" skipped="0">
  <testcase classname="testng.dataprovider" name="test" time="1.821"/>
  <testcase classname="testng.dataprovider" name="test" time="5.195"/>
</testsuite> <!-- testng.dataprovider -->
