<?xml version="1.0" encoding="UTF-8"?>
<!-- Generated by org.testng.reporters.JUnitReportReporter -->
<testsuite hostname="AbhinavS" failures="0" tests="10" name="testng.innvocationcount" time="0.014" errors="0" timestamp="2023-08-18T11:28:33 IST" skipped="0">
  <testcase classname="testng.innvocationcount" name="test" time="0.001"/>
  <testcase classname="testng.innvocationcount" name="test" time="0.000"/>
  <testcase classname="testng.innvocationcount" name="test" time="0.001"/>
  <testcase classname="testng.innvocationcount" name="test" time="0.000"/>
  <testcase classname="testng.innvocationcount" name="test" time="0.001"/>
  <testcase classname="testng.innvocationcount" name="test" time="0.002"/>
  <testcase classname="testng.innvocationcount" name="test" time="0.006"/>
  <testcase classname="testng.innvocationcount" name="test" time="0.001"/>
  <testcase classname="testng.innvocationcount" name="test" time="0.001"/>
  <testcase classname="testng.innvocationcount" name="test" time="0.001"/>
</testsuite> <!-- testng.innvocationcount -->
