<?xml version="1.0" encoding="UTF-8"?>
<!-- Generated by org.testng.reporters.JUnitReportReporter -->
<testsuite hostname="AbhinavS" failures="0" tests="1" name="testng.grouping" time="0.006" errors="0" timestamp="2023-08-17T12:19:35 IST" skipped="0">
  <testcase classname="testng.grouping" name="loginbytwitter" time="0.006"/>
</testsuite> <!-- testng.grouping -->
