<?xml version="1.0" encoding="UTF-8"?>
<!-- Generated by org.testng.reporters.JUnitReportReporter -->
<testsuite hostname="AbhinavS" failures="0" tests="5" name="testng.Dependentmethods" time="0.010" errors="0" timestamp="2023-08-15T14:58:09 IST" skipped="0">
  <testcase classname="testng.Dependentmethods" name="openapp" time="0.007"/>
  <testcase classname="testng.Dependentmethods" name="login" time="0.001"/>
  <testcase classname="testng.Dependentmethods" name="search" time="0.001"/>
  <testcase classname="testng.Dependentmethods" name="advsearch" time="0.001"/>
  <testcase classname="testng.Dependentmethods" name="logout" time="0.000"/>
</testsuite> <!-- testng.Dependentmethods -->
