<?xml version="1.0" encoding="UTF-8"?>
<!-- Generated by org.testng.reporters.JUnitReportReporter -->
<testsuite hostname="AbhinavS" failures="0" tests="2" name="testng.annotations" time="0.004" errors="0" timestamp="2023-08-15T13:53:41 IST" skipped="0">
  <testcase classname="testng.annotations" name="search" time="0.004"/>
  <testcase classname="testng.annotations" name="advancesearch" time="0.000"/>
</testsuite> <!-- testng.annotations -->
