<?xml version="1.0" encoding="UTF-8"?>
<!-- Generated by org.testng.reporters.JUnitReportReporter -->
<testsuite hostname="AbhinavS" failures="0" tests="4" name="testng.paralleltesting" time="0.099" errors="0" timestamp="2023-08-18T14:31:10 IST" skipped="0">
  <testcase classname="testng.paralleltesting" name="testlogo" time="0.035"/>
  <testcase classname="testng.paralleltesting" name="testlogo" time="0.047"/>
  <testcase classname="testng.paralleltesting" name="testpagetitle" time="0.008"/>
  <testcase classname="testng.paralleltesting" name="testpagetitle" time="0.009"/>
</testsuite> <!-- testng.paralleltesting -->
