<?xml version="1.0" encoding="UTF-8"?>
<!-- Generated by org.testng.reporters.JUnitReportReporter -->
<testsuite hostname="AbhinavS" failures="0" tests="2" name="annotations.Class2" time="0.002" errors="0" timestamp="2023-08-15T14:14:38 IST" skipped="0">
  <testcase classname="annotations.Class2" name="advancesearch" time="0.001"/>
  <testcase classname="annotations.Class2" name="advancesearch" time="0.001"/>
</testsuite> <!-- annotations.Class2 -->
