<?xml version="1.0" encoding="UTF-8"?>
<!-- Generated by org.testng.reporters.JUnitReportReporter -->
<testsuite hostname="AbhinavS" failures="0" tests="3" name="testng.secondclass" time="10.642" errors="0" timestamp="2023-08-14T14:43:24 IST" skipped="0">
  <testcase classname="testng.secondclass" name="open" time="8.791"/>
  <testcase classname="testng.secondclass" name="loginn" time="1.773"/>
  <testcase classname="testng.secondclass" name="logouts" time="0.078"/>
</testsuite> <!-- testng.secondclass -->
