<?xml version="1.0" encoding="UTF-8"?>
<!-- Generated by org.testng.reporters.JUnitReportReporter -->
<testsuite hostname="AbhinavS" failures="0" tests="2" name="testng.allannotations" time="0.006" errors="0" timestamp="2023-08-15T14:32:59 IST" skipped="0">
  <testcase classname="testng.allannotations" name="tm1" time="0.004"/>
  <testcase classname="testng.allannotations" name="tm2" time="0.002"/>
</testsuite> <!-- testng.allannotations -->
