<?xml version="1.0" encoding="UTF-8"?>
<!-- Generated by org.testng.reporters.JUnitReportReporter -->
<testsuite hostname="AbhinavS" failures="0" tests="2" name="Pageobjectmodel.logintest" time="1.154" errors="0" timestamp="2023-08-19T14:09:41 IST" skipped="0">
  <testcase classname="Pageobjectmodel.logintest" name="testlogo" time="0.043"/>
  <testcase classname="Pageobjectmodel.logintest" name="testlogin" time="1.111"/>
</testsuite> <!-- Pageobjectmodel.logintest -->
