<?xml version="1.0" encoding="UTF-8"?>
<!-- Generated by org.testng.reporters.JUnitReportReporter -->
<testsuite hostname="AbhinavS" failures="0" tests="2" name="annotations.Class1" time="0.005" errors="0" timestamp="2023-08-15T14:14:38 IST" skipped="0">
  <testcase classname="annotations.Class1" name="search" time="0.001"/>
  <testcase classname="annotations.Class1" name="search" time="0.004"/>
</testsuite> <!-- annotations.Class1 -->
